14:29:30 **** Build of configuration Default for project game_of_life ****
xmake all 
Checking build modules
Using build modules: lib_i2c(3.0.0) lib_logging(2.0.0) lib_xassert(2.0.0)
xmake[1]: `bin//game_of_life.xe' is up to date.
Build Complete
14:32:48 **** Incremental Build of configuration Default for project game_of_life ****
xmake all 
Checking build modules
Using build modules: lib_i2c(3.0.0) lib_logging(2.0.0) lib_xassert(2.0.0)
xmake[1]: `bin//game_of_life.xe' is up to date.
Build Complete
14:35:23 **** Incremental Build of configuration Default for project game_of_life ****
xmake all 
Checking build modules
Using build modules: lib_i2c(3.0.0) lib_logging(2.0.0) lib_xassert(2.0.0)
Analyzing main.xc
Creating dependencies for main.xc
Compiling main.xc
Creating game_of_life.xe
Build Complete
14:35:46 **** Incremental Build of configuration Default for project game_of_life ****
xmake all 
Checking build modules
Using build modules: lib_i2c(3.0.0) lib_logging(2.0.0) lib_xassert(2.0.0)
xmake[1]: `bin//game_of_life.xe' is up to date.
Build Complete
14:36:02 **** Incremental Build of configuration Default for project game_of_life ****
xmake all 
Checking build modules
Using build modules: lib_i2c(3.0.0) lib_logging(2.0.0) lib_xassert(2.0.0)
xmake[1]: `bin//game_of_life.xe' is up to date.
Build Complete
14:36:37 **** Incremental Build of configuration Default for project game_of_life ****
xmake all 
Checking build modules
Using build modules: lib_i2c(3.0.0) lib_logging(2.0.0) lib_xassert(2.0.0)
xmake[1]: `bin//game_of_life.xe' is up to date.
Build Complete
14:38:00 **** Incremental Build of configuration Default for project game_of_life ****
xmake all 
Checking build modules
Using build modules: lib_i2c(3.0.0) lib_logging(2.0.0) lib_xassert(2.0.0)
Analyzing main.xc
Creating dependencies for main.xc
Compiling main.xc
Creating game_of_life.xe
Build Complete
14:39:33 **** Incremental Build of configuration Default for project game_of_life ****
xmake all 
Checking build modules
Using build modules: lib_i2c(3.0.0) lib_logging(2.0.0) lib_xassert(2.0.0)
Analyzing main.xc
Propagating analysis
Creating dependencies for main.xc
Compiling main.xc
Creating game_of_life.xe
Build Complete
14:40:03 **** Incremental Build of configuration Default for project game_of_life ****
xmake all 
Checking build modules
Using build modules: lib_i2c(3.0.0) lib_logging(2.0.0) lib_xassert(2.0.0)
xmake[1]: `bin//game_of_life.xe' is up to date.
Build Complete
14:42:45 **** Incremental Build of configuration Default for project game_of_life ****
xmake all 
Checking build modules
Using build modules: lib_i2c(3.0.0) lib_logging(2.0.0) lib_xassert(2.0.0)
Analyzing main.xc
Creating dependencies for main.xc
Compiling main.xc
Creating game_of_life.xe
Build Complete
14:43:21 **** Incremental Build of configuration Default for project game_of_life ****
xmake all 
Checking build modules
Using build modules: lib_i2c(3.0.0) lib_logging(2.0.0) lib_xassert(2.0.0)
xmake[1]: `bin//game_of_life.xe' is up to date.
Build Complete
14:44:05 **** Incremental Build of configuration Default for project game_of_life ****
xmake all 
Checking build modules
Using build modules: lib_i2c(3.0.0) lib_logging(2.0.0) lib_xassert(2.0.0)
xmake[1]: `bin//game_of_life.xe' is up to date.
Build Complete
14:47:53 **** Incremental Build of configuration Default for project game_of_life ****
xmake all 
Checking build modules
Using build modules: lib_i2c(3.0.0) lib_logging(2.0.0) lib_xassert(2.0.0)
Analyzing main.xc
Creating dependencies for main.xc
Compiling main.xc
Creating game_of_life.xe
Build Complete
14:51:47 **** Incremental Build of configuration Default for project game_of_life ****
xmake all 
Checking build modules
Using build modules: lib_i2c(3.0.0) lib_logging(2.0.0) lib_xassert(2.0.0)
Analyzing main.xc
Propagating analysis
Creating dependencies for main.xc
Compiling main.xc
Creating game_of_life.xe
Build Complete
14:54:22 **** Incremental Build of configuration Default for project game_of_life ****
xmake all 
Checking build modules
Using build modules: lib_i2c(3.0.0) lib_logging(2.0.0) lib_xassert(2.0.0)
Analyzing main.xc
../src/main.xc:171:69: error: use of undeclared identifer `x'
                   case fromAcc :> int value: {printf("%d ---- \n", x); break;}
                                                                    ^
xmake[1]: *** [.build/src/main.xc.pca.xml.decouple] Error 1
xmake: *** [analyze] Error 2
15:06:20 **** Incremental Build of configuration Default for project game_of_life ****
xmake all 
Checking build modules
Using build modules: lib_i2c(3.0.0) lib_logging(2.0.0) lib_xassert(2.0.0)
Analyzing main.xc
Propagating analysis
Creating dependencies for main.xc
Compiling main.xc
Creating game_of_life.xe
Build Complete
15:07:14 **** Incremental Build of configuration Default for project game_of_life ****
xmake all 
Checking build modules
Using build modules: lib_i2c(3.0.0) lib_logging(2.0.0) lib_xassert(2.0.0)
Analyzing main.xc
Creating dependencies for main.xc
Compiling main.xc
Creating game_of_life.xe
Build Complete
15:10:56 **** Incremental Build of configuration Default for project game_of_life ****
xmake all 
Checking build modules
Using build modules: lib_i2c(3.0.0) lib_logging(2.0.0) lib_xassert(2.0.0)
Analyzing main.xc
../src/main.xc:122:7: error: invalid lvalue in assignment
      image[y][x] = val;
      ^~~~~~~~~~~
../src/main.xc:122:19: error: incompatible types in assignment
      image[y][x] = val;
      ~~~~~~~~~~~~^~~~~
xmake[1]: *** [.build/src/main.xc.pca.xml.decouple] Error 1
xmake: *** [analyze] Error 2
15:11:48 **** Incremental Build of configuration Default for project game_of_life ****
xmake all 
Checking build modules
Using build modules: lib_i2c(3.0.0) lib_logging(2.0.0) lib_xassert(2.0.0)
Analyzing main.xc
Creating dependencies for main.xc
Compiling main.xc
Creating game_of_life.xe
Build Complete
15:13:16 **** Incremental Build of configuration Default for project game_of_life ****
xmake all 
Checking build modules
Using build modules: lib_i2c(3.0.0) lib_logging(2.0.0) lib_xassert(2.0.0)
Analyzing main.xc
Creating dependencies for main.xc
Compiling main.xc
Creating game_of_life.xe
Build Complete
15:20:31 **** Incremental Build of configuration Default for project game_of_life ****
xmake all 
Checking build modules
Using build modules: lib_i2c(3.0.0) lib_logging(2.0.0) lib_xassert(2.0.0)
Analyzing main.xc
Creating dependencies for main.xc
Compiling main.xc
Creating game_of_life.xe
Build Complete
15:20:59 **** Incremental Build of configuration Default for project game_of_life ****
xmake all 
Checking build modules
Using build modules: lib_i2c(3.0.0) lib_logging(2.0.0) lib_xassert(2.0.0)
Analyzing main.xc
Creating dependencies for main.xc
Compiling main.xc
Creating game_of_life.xe
Build Complete
15:23:17 **** Incremental Build of configuration Default for project game_of_life ****
xmake all 
Checking build modules
Using build modules: lib_i2c(3.0.0) lib_logging(2.0.0) lib_xassert(2.0.0)
Analyzing main.xc
Creating dependencies for main.xc
Compiling main.xc
Creating game_of_life.xe
Build Complete
15:27:39 **** Incremental Build of configuration Default for project game_of_life ****
xmake all 
Checking build modules
Using build modules: lib_i2c(3.0.0) lib_logging(2.0.0) lib_xassert(2.0.0)
Analyzing main.xc
Propagating analysis
Creating dependencies for main.xc
Compiling main.xc
Creating game_of_life.xe
Build Complete
15:31:50 **** Incremental Build of configuration Default for project game_of_life ****
xmake all 
Checking build modules
Using build modules: lib_i2c(3.0.0) lib_logging(2.0.0) lib_xassert(2.0.0)
Analyzing main.xc
Propagating analysis
Creating dependencies for main.xc
Compiling main.xc
Creating game_of_life.xe
Build Complete
15:34:26 **** Incremental Build of configuration Default for project game_of_life ****
xmake all 
Checking build modules
Using build modules: lib_i2c(3.0.0) lib_logging(2.0.0) lib_xassert(2.0.0)
xmake[1]: `bin//game_of_life.xe' is up to date.
Build Complete
15:37:23 **** Incremental Build of configuration Default for project game_of_life ****
xmake all 
Checking build modules
Using build modules: lib_i2c(3.0.0) lib_logging(2.0.0) lib_xassert(2.0.0)
Analyzing main.xc
Creating dependencies for main.xc
Compiling main.xc
Creating game_of_life.xe
Build Complete
15:39:44 **** Incremental Build of configuration Default for project game_of_life ****
xmake all 
Checking build modules
Using build modules: lib_i2c(3.0.0) lib_logging(2.0.0) lib_xassert(2.0.0)
Analyzing main.xc
Creating dependencies for main.xc
Compiling main.xc
Creating game_of_life.xe
Build Complete
15:41:21 **** Incremental Build of configuration Default for project game_of_life ****
xmake all 
Checking build modules
Using build modules: lib_i2c(3.0.0) lib_logging(2.0.0) lib_xassert(2.0.0)
Analyzing main.xc
Creating dependencies for main.xc
Compiling main.xc
Creating game_of_life.xe
Build Complete
15:44:15 **** Incremental Build of configuration Default for project game_of_life ****
xmake all 
Checking build modules
Using build modules: lib_i2c(3.0.0) lib_logging(2.0.0) lib_xassert(2.0.0)
Analyzing main.xc
Creating dependencies for main.xc
Compiling main.xc
Creating game_of_life.xe
Build Complete
15:45:04 **** Incremental Build of configuration Default for project game_of_life ****
xmake all 
Checking build modules
Using build modules: lib_i2c(3.0.0) lib_logging(2.0.0) lib_xassert(2.0.0)
Analyzing main.xc
Creating dependencies for main.xc
Compiling main.xc
Creating game_of_life.xe
Build Complete
15:46:04 **** Incremental Build of configuration Default for project game_of_life ****
xmake all 
Checking build modules
Using build modules: lib_i2c(3.0.0) lib_logging(2.0.0) lib_xassert(2.0.0)
Analyzing main.xc
Creating dependencies for main.xc
Compiling main.xc
Creating game_of_life.xe
Build Complete
15:50:11 **** Incremental Build of configuration Default for project game_of_life ****
xmake all 
Checking build modules
Using build modules: lib_i2c(3.0.0) lib_logging(2.0.0) lib_xassert(2.0.0)
Analyzing main.xc
Propagating analysis
Creating dependencies for main.xc
Compiling main.xc
Creating game_of_life.xe
Build Complete
15:51:05 **** Incremental Build of configuration Default for project game_of_life ****
xmake all 
Checking build modules
Using build modules: lib_i2c(3.0.0) lib_logging(2.0.0) lib_xassert(2.0.0)
Analyzing main.xc
Propagating analysis
Creating dependencies for main.xc
Compiling main.xc
Creating game_of_life.xe
Build Complete
15:55:04 **** Incremental Build of configuration Default for project game_of_life ****
xmake all 
Checking build modules
Using build modules: lib_i2c(3.0.0) lib_logging(2.0.0) lib_xassert(2.0.0)
Analyzing main.xc
Creating dependencies for main.xc
Compiling main.xc
Creating game_of_life.xe
Build Complete
15:57:45 **** Incremental Build of configuration Default for project game_of_life ****
xmake all 
Checking build modules
Using build modules: lib_i2c(3.0.0) lib_logging(2.0.0) lib_xassert(2.0.0)
Analyzing main.xc
Creating dependencies for main.xc
Compiling main.xc
Creating game_of_life.xe
Build Complete
15:58:57 **** Incremental Build of configuration Default for project game_of_life ****
xmake all 
Checking build modules
Using build modules: lib_i2c(3.0.0) lib_logging(2.0.0) lib_xassert(2.0.0)
Analyzing main.xc
Creating dependencies for main.xc
Compiling main.xc
Creating game_of_life.xe
Build Complete
16:00:57 **** Incremental Build of configuration Default for project game_of_life ****
xmake all 
Checking build modules
Using build modules: lib_i2c(3.0.0) lib_logging(2.0.0) lib_xassert(2.0.0)
Analyzing main.xc
Propagating analysis
Creating dependencies for main.xc
Compiling main.xc
Creating game_of_life.xe
Build Complete
16:04:18 **** Incremental Build of configuration Default for project game_of_life ****
xmake all 
Checking build modules
Using build modules: lib_i2c(3.0.0) lib_logging(2.0.0) lib_xassert(2.0.0)
Analyzing main.xc
Propagating analysis
Creating dependencies for main.xc
Compiling main.xc
Creating game_of_life.xe
Build Complete
16:05:19 **** Incremental Build of configuration Default for project game_of_life ****
xmake all 
Checking build modules
Using build modules: lib_i2c(3.0.0) lib_logging(2.0.0) lib_xassert(2.0.0)
Analyzing main.xc
Creating dependencies for main.xc
Compiling main.xc
Creating game_of_life.xe
Build Complete
16:07:02 **** Incremental Build of configuration Default for project game_of_life ****
xmake all 
Checking build modules
Using build modules: lib_i2c(3.0.0) lib_logging(2.0.0) lib_xassert(2.0.0)
Analyzing main.xc
Creating dependencies for main.xc
Compiling main.xc
Creating game_of_life.xe
Build Complete
16:10:06 **** Incremental Build of configuration Default for project game_of_life ****
xmake all 
Checking build modules
Using build modules: lib_i2c(3.0.0) lib_logging(2.0.0) lib_xassert(2.0.0)
Analyzing main.xc
Creating dependencies for main.xc
Compiling main.xc
Creating game_of_life.xe
Build Complete
16:10:33 **** Incremental Build of configuration Default for project game_of_life ****
xmake all 
Checking build modules
Using build modules: lib_i2c(3.0.0) lib_logging(2.0.0) lib_xassert(2.0.0)
Analyzing main.xc
Creating dependencies for main.xc
Compiling main.xc
Creating game_of_life.xe
Build Complete
16:11:44 **** Incremental Build of configuration Default for project game_of_life ****
xmake all 
Checking build modules
Using build modules: lib_i2c(3.0.0) lib_logging(2.0.0) lib_xassert(2.0.0)
Analyzing main.xc
Creating dependencies for main.xc
Compiling main.xc
Creating game_of_life.xe
Build Complete
16:13:41 **** Incremental Build of configuration Default for project game_of_life ****
xmake all 
Checking build modules
Using build modules: lib_i2c(3.0.0) lib_logging(2.0.0) lib_xassert(2.0.0)
Analyzing main.xc
Creating dependencies for main.xc
Compiling main.xc
Creating game_of_life.xe
Build Complete
16:16:30 **** Incremental Build of configuration Default for project game_of_life ****
xmake all 
Checking build modules
Using build modules: lib_i2c(3.0.0) lib_logging(2.0.0) lib_xassert(2.0.0)
Analyzing main.xc
../src/main.xc:167:8: error: parse error before "else"
       else{
       ^
../src/main.xc:185:1: error: parse error before '}' token
}
^
../src/main.xc:200:3: error: parse error before "while"
  while(1) {
  ^
../src/main.xc:203:15: error: parse error before string constant
      printf( "DataOutStream: Start...\n" );
              ^
../src/main.xc:203:7: warning: return type defaults to `int' [-Wreturn-type]
      printf( "DataOutStream: Start...\n" );
      ^~~~~~~~~~~~~~~~~~~~~~~~~~~~~~~~~~~~~
../src/main.xc:203:7: error: conflicting types for 'printf'
      printf( "DataOutStream: Start...\n" );
      ^~~~~~~~~~~~~~~~~~~~~~~~~~~~~~~~~~~~~
../src/main.xc:204:26: error: use of undeclared identifer `outfname'
      res = _openoutpgm( outfname, IMWD, IMHT );
                         ^
../src/main.xc:204:7: warning: type defaults to `int' in declaration of `res' [-Wimplicit-int]
      res = _openoutpgm( outfname, IMWD, IMHT );
      ^~~
../src/main.xc:204:7: warning: data definition has no type or storage class [-Wunusual-code]
      res = _openoutpgm( outfname, IMWD, IMHT );
      ^~~
../src/main.xc:204:7: error: conflicting types for 'res'
      res = _openoutpgm( outfname, IMWD, IMHT );
      ^~~
../src/main.xc:197:7: note: previous declaration of 'res' was here
  int res;
      ^~~
../src/main.xc:204:13: error: initializer element is not constant
      res = _openoutpgm( outfname, IMWD, IMHT );
            ^~~~~~~~~~~~~~~~~~~~~~~~~~~~~~~~~~~
../src/main.xc:205:7: error: parse error before "if"
      if( res ) {
      ^
../src/main.xc:207:9: error: parse error before "return"
        return;
        ^
../src/main.xc:208:7: error: parse error before '}' token
      }
      ^
../src/main.xc:211:23: warning: type defaults to `int' in declaration of `y' [-Wimplicit-int]
      for( int y = 0; y < IMHT; y++ ) {
                      ^
../src/main.xc:211:23: warning: data definition has no type or storage class [-Wunusual-code]
      for( int y = 0; y < IMHT; y++ ) {
                      ^
../src/main.xc:211:25: error: parse error before '<' token
      for( int y = 0; y < IMHT; y++ ) {
                        ^
../src/main.xc:211:33: warning: type defaults to `int' in declaration of `y' [-Wimplicit-int]
      for( int y = 0; y < IMHT; y++ ) {
                                ^
../src/main.xc:211:33: warning: data definition has no type or storage class [-Wunusual-code]
      for( int y = 0; y < IMHT; y++ ) {
                                ^
../src/main.xc:215:24: error: parse error before "line"
        _writeoutline( line, IMWD );
                       ^
../src/main.xc:215:9: warning: return type defaults to `int' [-Wreturn-type]
        _writeoutline( line, IMWD );
        ^~~~~~~~~~~~~~~~~~~~~~~~~~~
../src/main.xc:215:9: error: conflicting types for '_writeoutline'
        _writeoutline( line, IMWD );
        ^~~~~~~~~~~~~~~~~~~~~~~~~~~
../src/pgmIO.h:16:1: note: previous declaration of '_writeoutline' was here
int _writeoutline(unsigned char line[], int width);
^~~~~~~~~~~~~~~~~~~~~~~~~~~~~~~~~~~~~~~~~~~~~~~~~~
../src/main.xc:216:17: error: parse error before string constant
        printf( "DataOutStream: Line written...\n" );
                ^
../src/main.xc:216:9: warning: return type defaults to `int' [-Wreturn-type]
        printf( "DataOutStream: Line written...\n" );
        ^~~~~~~~~~~~~~~~~~~~~~~~~~~~~~~~~~~~~~~~~~~~
../src/main.xc:221:15: error: parse error before string constant
      printf( "DataOutStream: Done...\n" );
              ^
../src/main.xc:221:7: warning: return type defaults to `int' [-Wreturn-type]
      printf( "DataOutStream: Done...\n" );
      ^~~~~~~~~~~~~~~~~~~~~~~~~~~~~~~~~~~~
../src/main.xc:224:1: error: parse error before '}' token
}
^
../src/main.xc:237:12: error: use of undeclared identifer `i2c'
  result = i2c.write_reg(FXOS8700EQ_I2C_ADDR, FXOS8700EQ_XYZ_DATA_CFG_REG, 0x01);
           ^
../src/main.xc:237:3: warning: type defaults to `int' in declaration of `result' [-Wimplicit-int]
  result = i2c.write_reg(FXOS8700EQ_I2C_ADDR, FXOS8700EQ_XYZ_DATA_CFG_REG, 0x01);
  ^~~~~~
../src/main.xc:237:3: warning: data definition has no type or storage class [-Wunusual-code]
  result = i2c.write_reg(FXOS8700EQ_I2C_ADDR, FXOS8700EQ_XYZ_DATA_CFG_REG, 0x01);
  ^~~~~~
../src/main.xc:237:16: error: trying to call interface function from something that is not an interface
  result = i2c.write_reg(FXOS8700EQ_I2C_ADDR, FXOS8700EQ_XYZ_DATA_CFG_REG, 0x01);
           ~~~~^~~~~~~~~~~~~~~~~~~~~~~~~~~~~~~~~~~~~~~~~~~~~~~~~~~~~~~~~~~~~~~~~
../src/main.xc:238:3: error: parse error before "if"
  if (result != I2C_REGOP_SUCCESS) {
  ^
../src/main.xc:240:3: error: parse error before '}' token
  }
  ^
../src/main.xc:244:3: error: parse error before "if"
  if (result != I2C_REGOP_SUCCESS) {
  ^
../src/main.xc:246:3: error: parse error before '}' token
  }
  ^
../src/main.xc:254:5: error: parse error before '}' token
    } while (!status_data & 0x08);
    ^
../src/main.xc:257:13: error: initializer element is not constant
    int x = read_acceleration(i2c, FXOS8700EQ_OUT_X_MSB);
            ^~~~~~~~~~~~~~~~~~~~~~~~~~~~~~~~~~~~~~~~~~~~
../src/main.xc:260:5: error: parse error before "if"
    if (!tilted) {
    ^
../src/main.xc:263:9: warning: type defaults to `int' in declaration of `toDist' [-Wimplicit-int]
        toDist <: 1;
        ^~~~~~
../src/main.xc:263:9: warning: data definition has no type or storage class [-Wunusual-code]
        toDist <: 1;
        ^~~~~~
../src/main.xc:263:17: error: parse error before '<:' token
        toDist <: 1;
                ^
../src/main.xc:280:6: error: global variable `c_inIO' has type chan
chan c_inIO, c_outIO, c_control;    //extend your channel definitions here
     ^~~~~~
../src/main.xc:280:14: error: global variable `c_outIO' has type chan
chan c_inIO, c_outIO, c_control;    //extend your channel definitions here
             ^~~~~~~
../src/main.xc:280:23: error: global variable `c_control' has type chan
chan c_inIO, c_outIO, c_control;    //extend your channel definitions here
                      ^~~~~~~~~
../src/main.xc:281:6: error: global variable `buttonsToDataIn' has type chan
chan buttonsToDataIn, buttonsToDataOut;
     ^~~~~~~~~~~~~~~
../src/main.xc:281:23: error: global variable `buttonsToDataOut' has type chan
chan buttonsToDataIn, buttonsToDataOut;
                      ^~~~~~~~~~~~~~~~
../src/main.xc:283:1: error: parse error before "par"
par {
^
../src/main.xc:285:17: error: parse error before "i2c"
    orientation(i2c[0],c_control);        //client thread reading orientation data
                ^
../src/main.xc:285:5: warning: return type defaults to `int' [-Wreturn-type]
    orientation(i2c[0],c_control);        //client thread reading orientation data
    ^~~~~~~~~~~~~~~~~~~~~~~~~~~~~
../src/main.xc:286:18: error: parse error before "infname"
    DataInStream(infname, c_inIO, buttonsToDataIn);          //thread to read in a PGM image
                 ^
../src/main.xc:286:5: warning: return type defaults to `int' [-Wreturn-type]
    DataInStream(infname, c_inIO, buttonsToDataIn);          //thread to read in a PGM image
    ^~~~~~~~~~~~~~~~~~~~~~~~~~~~~~~~~~~~~~~~~~~~~~
../src/main.xc:286:5: error: conflicting types for 'DataInStream'
    DataInStream(infname, c_inIO, buttonsToDataIn);          //thread to read in a PGM image
    ^~~~~~~~~~~~~~~~~~~~~~~~~~~~~~~~~~~~~~~~~~~~~~
../src/main.xc:53:6: note: previous definition of 'DataInStream' was here
void DataInStream(char infname[], chanend c_out, chanend fromButtons)
     ^~~~~~~~~~~~~~~~~~~~~~~~~~~~~~~~~~~~~~~~~~~~~~~~~~~~~~~~~~~~~~~~
../src/main.xc:287:19: error: parse error before "outfname"
    DataOutStream(outfname, c_outIO, buttonsToDataOut);       //thread to write out a PGM image
                  ^
../src/main.xc:287:5: warning: return type defaults to `int' [-Wreturn-type]
    DataOutStream(outfname, c_outIO, buttonsToDataOut);       //thread to write out a PGM image
    ^~~~~~~~~~~~~~~~~~~~~~~~~~~~~~~~~~~~~~~~~~~~~~~~~~
../src/main.xc:288:17: error: parse error before "c_inIO"
    distributor(c_inIO, c_outIO, c_control);//thread to coordinate work on image
                ^
../src/main.xc:288:5: warning: return type defaults to `int' [-Wreturn-type]
    distributor(c_inIO, c_outIO, c_control);//thread to coordinate work on image
    ^~~~~~~~~~~~~~~~~~~~~~~~~~~~~~~~~~~~~~~
../src/main.xc:288:5: error: conflicting types for 'distributor'
    distributor(c_inIO, c_outIO, c_control);//thread to coordinate work on image
    ^~~~~~~~~~~~~~~~~~~~~~~~~~~~~~~~~~~~~~~
../src/main.xc:98:6: note: previous definition of 'distributor' was here
void distributor(chanend c_in, chanend c_out, chanend fromAcc)
     ^~~~~~~~~~~~~~~~~~~~~~~~~~~~~~~~~~~~~~~~~~~~~~~~~~~~~~~~~
../src/main.xc:289:20: error: parse error before "buttons"
    buttonListener(buttons, buttonsToDataIn, buttonsToDataOut);
                   ^
../src/main.xc:289:5: warning: return type defaults to `int' [-Wreturn-type]
    buttonListener(buttons, buttonsToDataIn, buttonsToDataOut);
    ^~~~~~~~~~~~~~~~~~~~~~~~~~~~~~~~~~~~~~~~~~~~~~~~~~~~~~~~~~
../src/main.xc:289:5: error: conflicting types for 'buttonListener'
    buttonListener(buttons, buttonsToDataIn, buttonsToDataOut);
    ^~~~~~~~~~~~~~~~~~~~~~~~~~~~~~~~~~~~~~~~~~~~~~~~~~~~~~~~~~
../src/main.xc:39:6: note: previous definition of 'buttonListener' was here
void buttonListener(in port b, chanend buttonsToIn,chanend buttonsToOut) {
     ^~~~~~~~~~~~~~~~~~~~~~~~~~~~~~~~~~~~~~~~~~~~~~~~~~~~~~~~~~~~~~~~~~~
../src/main.xc:293:1: error: parse error before '}' token
}
^
xmake[1]: *** [.build/src/main.xc.pca.xml.decouple] Error 1
xmake: *** [analyze] Error 2
16:18:41 **** Incremental Build of configuration Default for project game_of_life ****
xmake all 
Checking build modules
Using build modules: lib_i2c(3.0.0) lib_logging(2.0.0) lib_xassert(2.0.0)
Analyzing main.xc
Creating dependencies for main.xc
Compiling main.xc
Creating game_of_life.xe
Build Complete
20:24:46 **** Build of configuration Default for project game_of_life ****
xmake all 
Checking build modules
Using build modules: lib_i2c(3.0.0) lib_logging(2.0.0) lib_xassert(2.0.0)
Analyzing pgmIO.c
Analyzing debug_printf.c
C:/Users/Andy/Desktop/COMS20001/lib_logging/src/debug_printf.c:2:10: fatal error: 'debug_print.h' file not found
#include <debug_print.h>
         ^
1 error generated.
xmake[1]: *** [.build/_l_logging/src/debug_printf.c.pca.xml.decouple] Error 1
xmake: *** [analyze] Error 2
20:50:29 **** Incremental Build of configuration Default for project game_of_life ****
xmake all 
Checking build modules
Using build modules: lib_i2c(3.0.0) lib_logging(2.0.0) lib_xassert(2.0.0)
Analyzing debug_printf.c
C:/Users/Andy/Desktop/COMS20001/lib_logging/src/debug_printf.c:2:10: fatal error: 'debug_print.h' file not found
#include <debug_print.h>
         ^
1 error generated.
xmake[1]: *** [.build/_l_logging/src/debug_printf.c.pca.xml.decouple] Error 1
xmake: *** [analyze] Error 2
20:51:40 **** Incremental Build of configuration Default for project game_of_life ****
xmake all 
Checking build modules
Using build modules: lib_i2c(3.0.0) lib_logging(2.0.0) lib_xassert(2.0.0)
Analyzing debug_printf.c
C:/Users/Andy/Desktop/COMS20001/lib_logging/src/debug_printf.c:2:10: fatal error: 'debug_print.h' file not found
#include <debug_print.h>
         ^
1 error generated.
xmake[1]: *** [.build/_l_logging/src/debug_printf.c.pca.xml.decouple] Error 1
xmake: *** [analyze] Error 2
20:54:24 **** Incremental Build of configuration Default for project game_of_life ****
xmake all 
Checking build modules
Using build modules: lib_i2c(3.0.0) lib_logging(2.0.0) lib_xassert(2.0.0)
Analyzing debug_printf.c
C:/Users/Andy/Desktop/COMS20001/lib_logging/src/debug_printf.c:2:10: fatal error: 'debug_print.h' file not found
#include <debug_print.h>
         ^
1 error generated.
xmake[1]: *** [.build/_l_logging/src/debug_printf.c.pca.xml.decouple] Error 1
xmake: *** [analyze] Error 2
20:54:39 **** Incremental Build of configuration Default for project game_of_life ****
xmake all 
Checking build modules
Using build modules: lib_i2c(3.0.0) lib_logging(2.0.0) lib_xassert(2.0.0)
Analyzing debug_printf.c
C:/Users/Andy/Desktop/COMS20001/lib_logging/src/debug_printf.c:2:10: fatal error: 'debug_print.h' file not found
#include <debug_print.h>
         ^
1 error generated.
xmake[1]: *** [.build/_l_logging/src/debug_printf.c.pca.xml.decouple] Error 1
xmake: *** [analyze] Error 2
20:55:56 **** Incremental Build of configuration Default for project game_of_life ****
xmake all 
Checking build modules
Using build modules: lib_i2c(3.0.0) lib_logging(2.0.0) lib_xassert(2.0.0)
Analyzing debug_printf.c
C:/Users/Andy/Desktop/COMS20001/lib_logging/src/debug_printf.c:2:10: fatal error: 'debug_print.h' file not found
#include <debug_print.h>
         ^
1 error generated.
xmake[1]: *** [.build/_l_logging/src/debug_printf.c.pca.xml.decouple] Error 1
xmake: *** [analyze] Error 2
